{"message":"Fri Mar 25 2022 21:12:07 GMT+0300 (East Africa Time)- Error ( 404): Lolz; No items found!.","level":"error"}
{"message":"Fri Mar 25 2022 21:14:18 GMT+0300 (East Africa Time)- Error ( 401): Token is not valid!.","level":"error"}
{"message":"Fri Mar 25 2022 21:14:26 GMT+0300 (East Africa Time)- Error ( 404): Lolz; No orders found!.","level":"error"}
{"message":"Fri Mar 25 2022 21:14:31 GMT+0300 (East Africa Time)- Error ( undefined): Cannot add or update a child row: a foreign key constraint fails (`pharmaste`.`orders`, CONSTRAINT `orders_ibfk_1` FOREIGN KEY (`client_id`) REFERENCES `clients` (`id`))","level":"error"}
{"message":"Fri Mar 25 2022 21:16:29 GMT+0300 (East Africa Time)- Error ( 404): Huh No records found.","level":"error"}
{"message":"Fri Mar 25 2022 21:16:50 GMT+0300 (East Africa Time)- Error ( 404): Huh No records found.","level":"error"}
{"message":"Fri Mar 25 2022 21:17:07 GMT+0300 (East Africa Time)- Error ( 404): Hmm! Client not found.","level":"error"}
{"message":"Fri Mar 25 2022 21:17:53 GMT+0300 (East Africa Time)- Error ( 404): Lolz; No orders found!.","level":"error"}
{"message":"Fri Mar 25 2022 21:18:26 GMT+0300 (East Africa Time)- Error ( 400): Unexpected string in JSON at position 323","level":"error"}
{"message":"Fri Mar 25 2022 21:18:52 GMT+0300 (East Africa Time)- Error ( 404): Error: Order not found!","level":"error"}
{"message":"Fri Mar 25 2022 21:19:13 GMT+0300 (East Africa Time)- Error ( 404): Error: Order not found!","level":"error"}
{"message":"Sun Mar 27 2022 17:01:58 GMT+0300 (East Africa Time)- Error ( 401): Token is not valid!.","level":"error"}
{"message":"Sun Mar 27 2022 17:04:58 GMT+0300 (East Africa Time)- Error ( 401): An invalid or missing auth token!.","level":"error"}
{"message":"Sun Mar 27 2022 17:27:29 GMT+0300 (East Africa Time)- Error ( undefined): Unknown column 'Item.batch_number' in 'field list'","level":"error"}
{"message":"Sun Mar 27 2022 17:28:30 GMT+0300 (East Africa Time)- Error ( undefined): Cannot add or update a child row: a foreign key constraint fails (`pharmaste`.`items`, CONSTRAINT `items_ibfk_1` FOREIGN KEY (`category_id`) REFERENCES `categories` (`id`))","level":"error"}
{"message":"Sun Mar 27 2022 17:28:38 GMT+0300 (East Africa Time)- Error ( 404): Lolz; No items found!.","level":"error"}
{"message":"Sun Mar 27 2022 17:28:41 GMT+0300 (East Africa Time)- Error ( undefined): Cannot add or update a child row: a foreign key constraint fails (`pharmaste`.`items`, CONSTRAINT `items_ibfk_1` FOREIGN KEY (`category_id`) REFERENCES `categories` (`id`))","level":"error"}
{"message":"Sun Mar 27 2022 17:28:58 GMT+0300 (East Africa Time)- Error ( 404): Lolz; No items found!.","level":"error"}
{"message":"Sun Mar 27 2022 17:30:41 GMT+0300 (East Africa Time)- Error ( 401): An invalid or missing auth token!.","level":"error"}
{"message":"Sun Mar 27 2022 17:30:49 GMT+0300 (East Africa Time)- Error ( 404): Huh No records found.","level":"error"}
{"message":"Sun Mar 27 2022 17:30:54 GMT+0300 (East Africa Time)- Error ( 404): Lolz; No orders found!.","level":"error"}
{"message":"Sun Mar 27 2022 17:30:58 GMT+0300 (East Africa Time)- Error ( undefined): Data too long for column 'client_id' at row 1","level":"error"}
{"message":"Sun Mar 27 2022 17:31:38 GMT+0300 (East Africa Time)- Error ( 404): Huh No records found.","level":"error"}
{"message":"Sun Mar 27 2022 17:32:00 GMT+0300 (East Africa Time)- Error ( 404): Lolz; No orders found!.","level":"error"}
ERROR: undefined Fri Sep 02 2022 15:05:58 GMT+0300 (East Africa Time)- Error ( 401): An invalid or missing auth token!.
ERROR: undefined Fri Sep 02 2022 15:06:35 GMT+0300 (East Africa Time)- Error ( 401): An invalid or missing auth token!.
ERROR: undefined Fri Sep 02 2022 15:07:02 GMT+0300 (East Africa Time)- Error ( 401): An invalid or missing auth token!.
ERROR: 2022-09-02T12:08:48.710Z Fri Sep 02 2022 15:08:48 GMT+0300 (East Africa Time)- Error ( 401): An invalid or missing auth token!.
ERROR: 2022-09-02T12:19:38.285Z Fri Sep 02 2022 15:19:38 GMT+0300 (East Africa Time)- Error ( 404): Aargh That level doesn't exist.
ERROR: 2022-09-03T16:31:48.450Z Sat Sep 03 2022 19:31:48 GMT+0300 (East Africa Time)- Error ( 400): Unexpected token } in JSON at position 57
ERROR: 2022-09-03T16:32:42.821Z Sat Sep 03 2022 19:32:42 GMT+0300 (East Africa Time)- Error ( 400): Unexpected token } in JSON at position 57
ERROR: 2022-09-03T16:33:06.829Z Sat Sep 03 2022 19:33:06 GMT+0300 (East Africa Time)- Error ( 400): Unexpected token } in JSON at position 57
ERROR: 2022-09-03T16:33:17.086Z Sat Sep 03 2022 19:33:17 GMT+0300 (East Africa Time)- Error ( 400): Unexpected token } in JSON at position 57
